<?xml version="1.0" encoding="UTF-8"?>
<!-- Generated by org.testng.reporters.JUnitXMLReporter -->
<testsuite ignored="0" hostname="LAPTOP-GGLBD97Q" failures="2" tests="6" name="Test" time="63.755" errors="0" timestamp="2021-10-20T09:08:17 IST">
  <testcase classname="com.orangehrm.test.ApplicationTest" name="VerifyApplicationTitle" time="3.39"/>
  <testcase classname="com.orangehrm.test.ApplicationTest" name="verifyApplicationLogin" time="7.242"/>
  <testcase classname="com.orangehrm.test.ApplicationTest" name="verifyApplicationLogin" time="24.916">
    <failure type="java.lang.AssertionError" message="Application Login is Not Successful">
      <![CDATA[java.lang.AssertionError: Application Login is Not Successful
at org.junit.Assert.fail(Assert.java:88)
at com.orangehrm.pages.HomePage.verifyWhetherAppLoginIsSuccessful(HomePage.java:39)
at com.orangehrm.test.ApplicationTest.verifyApplicationLogin(ApplicationTest.java:31)
at java.base/java.util.ArrayList.forEach(ArrayList.java:1511)
... Removed 27 stack frames]]>
    </failure>
  </testcase> <!-- verifyApplicationLogin -->
  <testcase classname="com.orangehrm.test.ApplicationTest" name="verifyApplicationLogout" time="8.411"/>
  <testcase classname="com.orangehrm.test.ApplicationTest" name="verifyApplicationLogout" time="5.846">
    <failure type="java.lang.AssertionError" message="Application Logout is Not Successful">
      <![CDATA[java.lang.AssertionError: Application Logout is Not Successful
at org.junit.Assert.fail(Assert.java:88)
at com.orangehrm.pages.HomePage.verifyApplicationLogout(HomePage.java:54)
at com.orangehrm.test.ApplicationTest.verifyApplicationLogout(ApplicationTest.java:41)
at java.base/java.util.ArrayList.forEach(ArrayList.java:1511)
... Removed 27 stack frames]]>
    </failure>
  </testcase> <!-- verifyApplicationLogout -->
  <testcase classname="com.orangehrm.test.ApplicationTest" name="verifyForgotPasswordPage" time="4.205"/>
</testsuite> <!-- Test -->
